{"C:\\Users\\windo\\Desktop\\DW\\projeto-spa\\server\\src\\use-cases\\submit-feedback-use-case.ts": {"path":"C:\\Users\\windo\\Desktop\\DW\\projeto-spa\\server\\src\\use-cases\\submit-feedback-use-case.ts","all":false,"statementMap":{"0":{"start":{"line":1,"column":0},"end":{"line":1,"column":55}},"1":{"start":{"line":2,"column":0},"end":{"line":2,"column":75}},"2":{"start":{"line":3,"column":0},"end":{"line":3,"column":0}},"3":{"start":{"line":4,"column":0},"end":{"line":4,"column":40}},"4":{"start":{"line":5,"column":0},"end":{"line":5,"column":17}},"5":{"start":{"line":6,"column":0},"end":{"line":6,"column":18}},"6":{"start":{"line":7,"column":0},"end":{"line":7,"column":17}},"7":{"start":{"line":8,"column":0},"end":{"line":8,"column":20}},"8":{"start":{"line":9,"column":0},"end":{"line":9,"column":24}},"9":{"start":{"line":10,"column":0},"end":{"line":10,"column":1}},"10":{"start":{"line":11,"column":0},"end":{"line":11,"column":0}},"11":{"start":{"line":12,"column":0},"end":{"line":12,"column":36}},"12":{"start":{"line":13,"column":0},"end":{"line":13,"column":0}},"13":{"start":{"line":14,"column":0},"end":{"line":14,"column":16}},"14":{"start":{"line":15,"column":0},"end":{"line":15,"column":57}},"15":{"start":{"line":16,"column":0},"end":{"line":16,"column":41}},"16":{"start":{"line":17,"column":0},"end":{"line":17,"column":9}},"17":{"start":{"line":18,"column":0},"end":{"line":18,"column":0}},"18":{"start":{"line":19,"column":0},"end":{"line":19,"column":0}},"19":{"start":{"line":20,"column":0},"end":{"line":20,"column":58}},"20":{"start":{"line":21,"column":0},"end":{"line":21,"column":67}},"21":{"start":{"line":22,"column":0},"end":{"line":22,"column":0}},"22":{"start":{"line":23,"column":0},"end":{"line":23,"column":19}},"23":{"start":{"line":24,"column":0},"end":{"line":24,"column":49}},"24":{"start":{"line":25,"column":0},"end":{"line":25,"column":9}},"25":{"start":{"line":26,"column":0},"end":{"line":26,"column":0}},"26":{"start":{"line":27,"column":0},"end":{"line":27,"column":20}},"27":{"start":{"line":28,"column":0},"end":{"line":28,"column":49}},"28":{"start":{"line":29,"column":0},"end":{"line":29,"column":9}},"29":{"start":{"line":30,"column":0},"end":{"line":30,"column":0}},"30":{"start":{"line":31,"column":0},"end":{"line":31,"column":22}},"31":{"start":{"line":32,"column":0},"end":{"line":32,"column":49}},"32":{"start":{"line":33,"column":0},"end":{"line":33,"column":9}},"33":{"start":{"line":34,"column":0},"end":{"line":34,"column":0}},"34":{"start":{"line":35,"column":0},"end":{"line":35,"column":0}},"35":{"start":{"line":36,"column":0},"end":{"line":36,"column":22}},"36":{"start":{"line":37,"column":0},"end":{"line":37,"column":49}},"37":{"start":{"line":38,"column":0},"end":{"line":38,"column":9}},"38":{"start":{"line":39,"column":0},"end":{"line":39,"column":0}},"39":{"start":{"line":40,"column":0},"end":{"line":40,"column":0}},"40":{"start":{"line":41,"column":0},"end":{"line":41,"column":20}},"41":{"start":{"line":42,"column":0},"end":{"line":42,"column":49}},"42":{"start":{"line":43,"column":0},"end":{"line":43,"column":9}},"43":{"start":{"line":44,"column":0},"end":{"line":44,"column":0}},"44":{"start":{"line":45,"column":0},"end":{"line":45,"column":23}},"45":{"start":{"line":46,"column":0},"end":{"line":46,"column":49}},"46":{"start":{"line":47,"column":0},"end":{"line":47,"column":9}},"47":{"start":{"line":48,"column":0},"end":{"line":48,"column":0}},"48":{"start":{"line":49,"column":0},"end":{"line":49,"column":0}},"49":{"start":{"line":50,"column":0},"end":{"line":50,"column":76}},"50":{"start":{"line":51,"column":0},"end":{"line":51,"column":54}},"51":{"start":{"line":52,"column":0},"end":{"line":52,"column":9}},"52":{"start":{"line":53,"column":0},"end":{"line":53,"column":0}},"53":{"start":{"line":54,"column":0},"end":{"line":54,"column":0}},"54":{"start":{"line":55,"column":0},"end":{"line":55,"column":0}},"55":{"start":{"line":56,"column":0},"end":{"line":56,"column":47}},"56":{"start":{"line":57,"column":0},"end":{"line":57,"column":17}},"57":{"start":{"line":58,"column":0},"end":{"line":58,"column":18}},"58":{"start":{"line":59,"column":0},"end":{"line":59,"column":17}},"59":{"start":{"line":60,"column":0},"end":{"line":60,"column":20}},"60":{"start":{"line":61,"column":0},"end":{"line":61,"column":23}},"61":{"start":{"line":62,"column":0},"end":{"line":62,"column":10}},"62":{"start":{"line":63,"column":0},"end":{"line":63,"column":0}},"63":{"start":{"line":64,"column":0},"end":{"line":64,"column":0}},"64":{"start":{"line":65,"column":0},"end":{"line":65,"column":41}},"65":{"start":{"line":66,"column":0},"end":{"line":66,"column":37}},"66":{"start":{"line":67,"column":0},"end":{"line":67,"column":19}},"67":{"start":{"line":68,"column":0},"end":{"line":68,"column":87}},"68":{"start":{"line":69,"column":0},"end":{"line":69,"column":51}},"69":{"start":{"line":70,"column":0},"end":{"line":70,"column":48}},"70":{"start":{"line":71,"column":0},"end":{"line":71,"column":64}},"71":{"start":{"line":72,"column":0},"end":{"line":72,"column":24}},"72":{"start":{"line":73,"column":0},"end":{"line":73,"column":24}},"73":{"start":{"line":74,"column":0},"end":{"line":74,"column":10}},"74":{"start":{"line":75,"column":0},"end":{"line":75,"column":5}},"75":{"start":{"line":76,"column":0},"end":{"line":76,"column":1}}},"s":{"0":1,"1":1,"2":1,"3":1,"4":1,"5":1,"6":1,"7":1,"8":1,"9":1,"10":1,"11":1,"12":1,"13":1,"14":1,"15":1,"16":1,"17":1,"18":1,"19":1,"20":4,"21":4,"22":4,"23":0,"24":0,"25":4,"26":4,"27":0,"28":0,"29":4,"30":4,"31":1,"32":1,"33":3,"34":3,"35":4,"36":0,"37":0,"38":3,"39":3,"40":4,"41":1,"42":1,"43":2,"44":4,"45":0,"46":0,"47":2,"48":2,"49":4,"50":1,"51":1,"52":1,"53":1,"54":1,"55":1,"56":1,"57":1,"58":1,"59":1,"60":1,"61":1,"62":1,"63":1,"64":1,"65":1,"66":1,"67":1,"68":1,"69":1,"70":4,"71":4,"72":4,"73":4,"74":1,"75":1},"branchMap":{"0":{"type":"branch","line":20,"loc":{"start":{"line":20,"column":4},"end":{"line":75,"column":5}},"locations":[{"start":{"line":20,"column":4},"end":{"line":75,"column":5}}]},"1":{"type":"branch","line":23,"loc":{"start":{"line":23,"column":18},"end":{"line":25,"column":9}},"locations":[{"start":{"line":23,"column":18},"end":{"line":25,"column":9}}]},"2":{"type":"branch","line":27,"loc":{"start":{"line":27,"column":19},"end":{"line":29,"column":9}},"locations":[{"start":{"line":27,"column":19},"end":{"line":29,"column":9}}]},"3":{"type":"branch","line":31,"loc":{"start":{"line":31,"column":21},"end":{"line":33,"column":9}},"locations":[{"start":{"line":31,"column":21},"end":{"line":33,"column":9}}]},"4":{"type":"branch","line":34,"loc":{"start":{"line":34,"column":-2},"end":{"line":36,"column":21}},"locations":[{"start":{"line":34,"column":-2},"end":{"line":36,"column":21}}]},"5":{"type":"branch","line":36,"loc":{"start":{"line":36,"column":21},"end":{"line":38,"column":9}},"locations":[{"start":{"line":36,"column":21},"end":{"line":38,"column":9}}]},"6":{"type":"branch","line":39,"loc":{"start":{"line":39,"column":-2},"end":{"line":41,"column":19}},"locations":[{"start":{"line":39,"column":-2},"end":{"line":41,"column":19}}]},"7":{"type":"branch","line":41,"loc":{"start":{"line":41,"column":19},"end":{"line":43,"column":9}},"locations":[{"start":{"line":41,"column":19},"end":{"line":43,"column":9}}]},"8":{"type":"branch","line":44,"loc":{"start":{"line":44,"column":-2},"end":{"line":45,"column":22}},"locations":[{"start":{"line":44,"column":-2},"end":{"line":45,"column":22}}]},"9":{"type":"branch","line":45,"loc":{"start":{"line":45,"column":22},"end":{"line":47,"column":9}},"locations":[{"start":{"line":45,"column":22},"end":{"line":47,"column":9}}]},"10":{"type":"branch","line":48,"loc":{"start":{"line":48,"column":-2},"end":{"line":50,"column":73}},"locations":[{"start":{"line":48,"column":-2},"end":{"line":50,"column":73}}]},"11":{"type":"branch","line":50,"loc":{"start":{"line":50,"column":75},"end":{"line":71,"column":58}},"locations":[{"start":{"line":50,"column":75},"end":{"line":71,"column":58}}]},"12":{"type":"branch","line":71,"loc":{"start":{"line":71,"column":58},"end":{"line":71,"column":63}},"locations":[{"start":{"line":71,"column":58},"end":{"line":71,"column":63}}]},"13":{"type":"branch","line":75,"loc":{"start":{"line":75,"column":-2},"end":{"line":75,"column":5}},"locations":[{"start":{"line":75,"column":-2},"end":{"line":75,"column":5}}]},"14":{"type":"branch","line":14,"loc":{"start":{"line":14,"column":4},"end":{"line":17,"column":9}},"locations":[{"start":{"line":14,"column":4},"end":{"line":17,"column":9}}]}},"b":{"0":[4],"1":[0],"2":[0],"3":[1],"4":[3],"5":[0],"6":[3],"7":[1],"8":[2],"9":[0],"10":[2],"11":[1],"12":[0],"13":[1],"14":[1]},"fnMap":{"0":{"name":"execute","decl":{"start":{"line":20,"column":4},"end":{"line":75,"column":5}},"loc":{"start":{"line":20,"column":4},"end":{"line":75,"column":5}},"line":20},"1":{"name":"SubmitFeedbackUseCase","decl":{"start":{"line":14,"column":4},"end":{"line":17,"column":9}},"loc":{"start":{"line":14,"column":4},"end":{"line":17,"column":9}},"line":14}},"f":{"0":4,"1":1}}
}
